<?xml version="1.0" encoding="UTF-8"?>
<testng-results ignored="1" total="5" passed="4" failed="0" skipped="0">
  <reporter-output>
  </reporter-output>
  <suite started-at="2021-06-24T11:22:35 IST" name="Default suite" finished-at="2021-06-24T11:22:35 IST" duration-ms="90">
    <groups>
      <group name="Smoke">
        <method signature="Day3.repeat3()[pri:0, instance:Test.Day3@5136d012]" name="repeat3" class="Test.Day3"/>
      </group> <!-- Smoke -->
    </groups>
    <test started-at="2021-06-24T11:22:35 IST" name="Default test" finished-at="2021-06-24T11:22:35 IST" duration-ms="90">
      <class name="Test.Day3">
        <test-method signature="mobileLoginCarLoan()[pri:0, instance:Test.Day3@5136d012]" started-at="2021-06-24T11:22:35 IST" name="mobileLoginCarLoan" finished-at="2021-06-24T11:22:35 IST" duration-ms="11" status="PASS">
          <reporter-output>
          </reporter-output>
        </test-method> <!-- mobileLoginCarLoan -->
        <test-method signature="webLoginCarLoan()[pri:0, instance:Test.Day3@5136d012]" started-at="2021-06-24T11:22:35 IST" name="webLoginCarLoan" finished-at="2021-06-24T11:22:35 IST" duration-ms="2" status="PASS">
          <reporter-output>
          </reporter-output>
        </test-method> <!-- webLoginCarLoan -->
        <test-method signature="repeat3()[pri:0, instance:Test.Day3@5136d012]" started-at="2021-06-24T11:22:35 IST" name="repeat3" finished-at="2021-06-24T11:22:35 IST" duration-ms="2" status="PASS">
          <reporter-output>
          </reporter-output>
        </test-method> <!-- repeat3 -->
        <test-method signature="apiLoginCarLoan()[pri:0, instance:Test.Day3@5136d012]" started-at="2021-06-24T11:22:35 IST" name="apiLoginCarLoan" finished-at="2021-06-24T11:22:35 IST" depends-on-methods="Test.Day3.webLoginCarLoan, Test.Day3.mobileLoginCarLoan" duration-ms="1" status="PASS">
          <reporter-output>
          </reporter-output>
        </test-method> <!-- apiLoginCarLoan -->
      </class> <!-- Test.Day3 -->
    </test> <!-- Default test -->
  </suite> <!-- Default suite -->
</testng-results>
