<?xml version="1.0" encoding="UTF-8"?>
<!-- Generated by org.testng.reporters.JUnitXMLReporter -->
<testsuite ignored="1" hostname="MacBook-Air.local" failures="0" tests="4" name="Default test" time="0.09" errors="0" timestamp="2021-06-24T11:22:35 IST">
  <testcase classname="Test.Day3" name="mobileLoginCarLoan" time="0.011"/>
  <testcase classname="Test.Day3" name="webLoginCarLoan" time="0.002"/>
  <testcase classname="Test.Day3" name="repeat3" time="0.002"/>
  <testcase classname="Test.Day3" name="apiLoginCarLoan" time="0.001"/>
  <testcase classname="Test.Day3" name="iPadLoginCarLoan" time="0.0">
    <ignored/>
  </testcase> <!-- iPadLoginCarLoan -->
</testsuite> <!-- Default test -->
