<?xml version="1.0" encoding="UTF-8"?>
<!-- Generated by org.testng.reporters.JUnitXMLReporter -->
<testsuite ignored="1" hostname="MacBook-Air.local" failures="0" tests="2" name="Car Loan" time="0.011" errors="0" timestamp="2021-06-24T09:44:09 IST">
  <testcase classname="Test.Day3" name="apiLoginCarLoan" time="0.002"/>
  <testcase classname="Test.Day3" name="webLoginCarLoan" time="0.004"/>
  <testcase classname="Test.Day3" name="mobileLoginCarLoan" time="0.0">
    <ignored/>
  </testcase> <!-- mobileLoginCarLoan -->
</testsuite> <!-- Car Loan -->
