<?xml version="1.0" encoding="UTF-8"?>
<!-- Generated by org.testng.reporters.JUnitXMLReporter -->
<testsuite ignored="9" hostname="MacBook-Air.local" failures="0" tests="4" name="Regression" time="0.078" errors="0" timestamp="2021-06-24T10:07:16 IST">
  <testcase classname="Test.Day1" name="repeat" time="0.01"/>
  <testcase classname="Test.Day4$Day3" name="repeat4" time="0.002"/>
  <testcase classname="Test.Day2" name="repeat2" time="0.001"/>
  <testcase classname="Test.Day3" name="repeat3" time="0.004"/>
  <testcase classname="Test.Day3" name="webLoginCarLoan" time="0.0">
    <ignored/>
  </testcase> <!-- webLoginCarLoan -->
  <testcase classname="Test.Day3" name="apiLoginCarLoan" time="0.0">
    <ignored/>
  </testcase> <!-- apiLoginCarLoan -->
  <testcase classname="Test.Day4$Day3" name="apiLoginHomeLoan" time="0.0">
    <ignored/>
  </testcase> <!-- apiLoginHomeLoan -->
  <testcase classname="Test.Day4$Day3" name="webLoginHomeLoan" time="0.0">
    <ignored/>
  </testcase> <!-- webLoginHomeLoan -->
  <testcase classname="Test.Day3" name="mobileLoginCarLoan" time="0.0">
    <ignored/>
  </testcase> <!-- mobileLoginCarLoan -->
  <testcase classname="Test.Day1" name="demo" time="0.0">
    <ignored/>
  </testcase> <!-- demo -->
  <testcase classname="Test.Day2" name="pLoan" time="0.0">
    <ignored/>
  </testcase> <!-- pLoan -->
  <testcase classname="Test.Day4$Day3" name="mobileLoginHomeLoan" time="0.0">
    <ignored/>
  </testcase> <!-- mobileLoginHomeLoan -->
  <testcase classname="Test.Day1" name="testDemo" time="0.0">
    <ignored/>
  </testcase> <!-- testDemo -->
</testsuite> <!-- Regression -->
